2026-01-29 10:54:08 - PHP Warning:  Array to string conversion in /home/np588371/pprintdim.com/shokeru/storage/vendor/twig/twig/src/Template.php on line 359
2026-01-29 10:54:08 - PHP Warning:  Array to string conversion in /home/np588371/pprintdim.com/shokeru/storage/vendor/twig/twig/src/Template.php on line 359
2026-01-29 10:54:08 - PHP Warning:  Array to string conversion in /home/np588371/pprintdim.com/shokeru/storage/vendor/twig/twig/src/Template.php on line 359
2026-01-29 10:54:08 - PHP Warning:  Array to string conversion in /home/np588371/pprintdim.com/shokeru/storage/vendor/twig/twig/src/Template.php on line 359
2026-01-29 10:54:15 - PHP Warning:  Array to string conversion in /home/np588371/pprintdim.com/shokeru/storage/vendor/twig/twig/src/Template.php on line 359
2026-01-29 10:54:15 - PHP Warning:  Array to string conversion in /home/np588371/pprintdim.com/shokeru/storage/vendor/twig/twig/src/Template.php on line 359
2026-01-29 10:58:20 - PHP Warning:  Array to string conversion in /home/np588371/pprintdim.com/shokeru/storage/vendor/twig/twig/src/Template.php on line 359
2026-01-29 10:58:20 - PHP Warning:  Array to string conversion in /home/np588371/pprintdim.com/shokeru/storage/vendor/twig/twig/src/Template.php on line 359
2026-01-29 10:59:09 - PHP Warning:  Array to string conversion in /home/np588371/pprintdim.com/shokeru/storage/vendor/twig/twig/src/Template.php on line 359
2026-01-29 10:59:09 - PHP Warning:  Array to string conversion in /home/np588371/pprintdim.com/shokeru/storage/vendor/twig/twig/src/Template.php on line 359
2026-01-29 10:59:09 - PHP Warning:  Array to string conversion in /home/np588371/pprintdim.com/shokeru/storage/vendor/twig/twig/src/Template.php on line 359
2026-01-29 10:59:09 - PHP Warning:  Array to string conversion in /home/np588371/pprintdim.com/shokeru/storage/vendor/twig/twig/src/Template.php on line 359
2026-01-29 10:59:21 - PHP Warning:  Array to string conversion in /home/np588371/pprintdim.com/shokeru/storage/vendor/twig/twig/src/Template.php on line 359
2026-01-29 10:59:21 - PHP Warning:  Array to string conversion in /home/np588371/pprintdim.com/shokeru/storage/vendor/twig/twig/src/Template.php on line 359
2026-01-29 11:03:00 - PHP Warning:  Array to string conversion in /home/np588371/pprintdim.com/shokeru/storage/vendor/twig/twig/src/Template.php on line 359
2026-01-29 11:03:00 - PHP Warning:  Array to string conversion in /home/np588371/pprintdim.com/shokeru/storage/vendor/twig/twig/src/Template.php on line 359
2026-01-29 11:04:10 - PHP Warning:  Array to string conversion in /home/np588371/pprintdim.com/shokeru/storage/vendor/twig/twig/src/Template.php on line 359
2026-01-29 11:04:10 - PHP Warning:  Array to string conversion in /home/np588371/pprintdim.com/shokeru/storage/vendor/twig/twig/src/Template.php on line 359
2026-01-29 11:04:12 - PHP Warning:  Array to string conversion in /home/np588371/pprintdim.com/shokeru/storage/vendor/twig/twig/src/Template.php on line 359
2026-01-29 11:04:12 - PHP Warning:  Array to string conversion in /home/np588371/pprintdim.com/shokeru/storage/vendor/twig/twig/src/Template.php on line 359
2026-01-29 11:04:20 - PHP Warning:  Array to string conversion in /home/np588371/pprintdim.com/shokeru/storage/vendor/twig/twig/src/Template.php on line 359
2026-01-29 11:04:20 - PHP Warning:  Array to string conversion in /home/np588371/pprintdim.com/shokeru/storage/vendor/twig/twig/src/Template.php on line 359
2026-01-29 11:04:38 - PHP Warning:  Array to string conversion in /home/np588371/pprintdim.com/shokeru/storage/vendor/twig/twig/src/Template.php on line 359
2026-01-29 11:04:38 - PHP Warning:  Array to string conversion in /home/np588371/pprintdim.com/shokeru/storage/vendor/twig/twig/src/Template.php on line 359
2026-01-29 11:04:40 - PHP Warning:  Array to string conversion in /home/np588371/pprintdim.com/shokeru/storage/vendor/twig/twig/src/Template.php on line 359
2026-01-29 11:04:40 - PHP Warning:  Array to string conversion in /home/np588371/pprintdim.com/shokeru/storage/vendor/twig/twig/src/Template.php on line 359
2026-01-29 11:04:40 - PHP Warning:  Array to string conversion in /home/np588371/pprintdim.com/shokeru/storage/vendor/twig/twig/src/Template.php on line 359
2026-01-29 11:04:40 - PHP Warning:  Array to string conversion in /home/np588371/pprintdim.com/shokeru/storage/vendor/twig/twig/src/Template.php on line 359
2026-01-29 11:04:47 - PHP Warning:  Array to string conversion in /home/np588371/pprintdim.com/shokeru/storage/vendor/twig/twig/src/Template.php on line 359
2026-01-29 11:04:47 - PHP Warning:  Array to string conversion in /home/np588371/pprintdim.com/shokeru/storage/vendor/twig/twig/src/Template.php on line 359
2026-01-29 11:05:37 - PHP Warning:  Array to string conversion in /home/np588371/pprintdim.com/shokeru/storage/vendor/twig/twig/src/Template.php on line 359
2026-01-29 11:05:37 - PHP Warning:  Array to string conversion in /home/np588371/pprintdim.com/shokeru/storage/vendor/twig/twig/src/Template.php on line 359
2026-01-29 11:17:50 - PHP Warning:  Array to string conversion in /home/np588371/pprintdim.com/shokeru/storage/vendor/twig/twig/src/Template.php on line 359
2026-01-29 11:17:50 - PHP Warning:  Array to string conversion in /home/np588371/pprintdim.com/shokeru/storage/vendor/twig/twig/src/Template.php on line 359
2026-01-29 11:48:58 - PHP Warning:  Array to string conversion in /home/np588371/pprintdim.com/shokeru/storage/vendor/twig/twig/src/Template.php on line 359
2026-01-29 11:48:58 - PHP Warning:  Array to string conversion in /home/np588371/pprintdim.com/shokeru/storage/vendor/twig/twig/src/Template.php on line 359
2026-01-29 11:48:59 - PHP Warning:  Array to string conversion in /home/np588371/pprintdim.com/shokeru/storage/vendor/twig/twig/src/Template.php on line 359
2026-01-29 11:48:59 - PHP Warning:  Array to string conversion in /home/np588371/pprintdim.com/shokeru/storage/vendor/twig/twig/src/Template.php on line 359
2026-01-29 11:49:01 - PHP Warning:  Array to string conversion in /home/np588371/pprintdim.com/shokeru/storage/vendor/twig/twig/src/Template.php on line 359
2026-01-29 11:49:01 - PHP Warning:  Array to string conversion in /home/np588371/pprintdim.com/shokeru/storage/vendor/twig/twig/src/Template.php on line 359
2026-01-29 11:49:01 - PHP Warning:  Array to string conversion in /home/np588371/pprintdim.com/shokeru/storage/vendor/twig/twig/src/Template.php on line 359
2026-01-29 11:49:01 - PHP Warning:  Array to string conversion in /home/np588371/pprintdim.com/shokeru/storage/vendor/twig/twig/src/Template.php on line 359
2026-01-29 11:49:01 - PHP Warning:  Array to string conversion in /home/np588371/pprintdim.com/shokeru/storage/vendor/twig/twig/src/Template.php on line 359
2026-01-29 11:49:01 - PHP Warning:  Array to string conversion in /home/np588371/pprintdim.com/shokeru/storage/vendor/twig/twig/src/Template.php on line 359
2026-01-29 12:05:32 - PHP Warning:  Array to string conversion in /home/np588371/pprintdim.com/shokeru/storage/vendor/twig/twig/src/Template.php on line 359
2026-01-29 12:05:32 - PHP Warning:  Array to string conversion in /home/np588371/pprintdim.com/shokeru/storage/vendor/twig/twig/src/Template.php on line 359
2026-01-29 12:15:13 - PHP Warning:  Array to string conversion in /home/np588371/pprintdim.com/shokeru/storage/vendor/twig/twig/src/Template.php on line 359
2026-01-29 12:15:13 - PHP Warning:  Array to string conversion in /home/np588371/pprintdim.com/shokeru/storage/vendor/twig/twig/src/Template.php on line 359
2026-01-29 12:15:13 - PHP Warning:  Array to string conversion in /home/np588371/pprintdim.com/shokeru/storage/vendor/twig/twig/src/Template.php on line 359
2026-01-29 12:15:13 - PHP Warning:  Array to string conversion in /home/np588371/pprintdim.com/shokeru/storage/vendor/twig/twig/src/Template.php on line 359
2026-01-29 12:15:30 - PHP Warning:  Array to string conversion in /home/np588371/pprintdim.com/shokeru/storage/vendor/twig/twig/src/Template.php on line 359
2026-01-29 12:15:30 - PHP Warning:  Array to string conversion in /home/np588371/pprintdim.com/shokeru/storage/vendor/twig/twig/src/Template.php on line 359
2026-01-29 12:22:26 - PHP Warning:  Array to string conversion in /home/np588371/pprintdim.com/shokeru/storage/vendor/twig/twig/src/Template.php on line 359
2026-01-29 12:22:26 - PHP Warning:  Array to string conversion in /home/np588371/pprintdim.com/shokeru/storage/vendor/twig/twig/src/Template.php on line 359
2026-01-29 12:22:26 - PHP Warning:  Array to string conversion in /home/np588371/pprintdim.com/shokeru/storage/vendor/twig/twig/src/Template.php on line 359
2026-01-29 12:22:26 - PHP Warning:  Array to string conversion in /home/np588371/pprintdim.com/shokeru/storage/vendor/twig/twig/src/Template.php on line 359
2026-01-29 12:25:26 - PHP Warning:  Array to string conversion in /home/np588371/pprintdim.com/shokeru/storage/vendor/twig/twig/src/Template.php on line 359
2026-01-29 12:25:26 - PHP Warning:  Array to string conversion in /home/np588371/pprintdim.com/shokeru/storage/vendor/twig/twig/src/Template.php on line 359
2026-01-29 12:36:07 - PHP Warning:  Array to string conversion in /home/np588371/pprintdim.com/shokeru/storage/vendor/twig/twig/src/Template.php on line 359
2026-01-29 12:36:07 - PHP Warning:  Array to string conversion in /home/np588371/pprintdim.com/shokeru/storage/vendor/twig/twig/src/Template.php on line 359
2026-01-29 12:37:07 - PHP Warning:  Array to string conversion in /home/np588371/pprintdim.com/shokeru/storage/vendor/twig/twig/src/Template.php on line 359
2026-01-29 12:37:07 - PHP Warning:  Array to string conversion in /home/np588371/pprintdim.com/shokeru/storage/vendor/twig/twig/src/Template.php on line 359
2026-01-29 12:41:48 - PHP Warning:  Array to string conversion in /home/np588371/pprintdim.com/shokeru/storage/vendor/twig/twig/src/Template.php on line 359
2026-01-29 12:41:48 - PHP Warning:  Array to string conversion in /home/np588371/pprintdim.com/shokeru/storage/vendor/twig/twig/src/Template.php on line 359
2026-01-29 12:41:52 - PHP Warning:  Array to string conversion in /home/np588371/pprintdim.com/shokeru/storage/vendor/twig/twig/src/Template.php on line 359
2026-01-29 12:41:52 - PHP Warning:  Array to string conversion in /home/np588371/pprintdim.com/shokeru/storage/vendor/twig/twig/src/Template.php on line 359
2026-01-29 12:53:33 - PHP Warning:  Array to string conversion in /home/np588371/pprintdim.com/shokeru/storage/vendor/twig/twig/src/Template.php on line 359
2026-01-29 12:53:33 - PHP Warning:  Array to string conversion in /home/np588371/pprintdim.com/shokeru/storage/vendor/twig/twig/src/Template.php on line 359
2026-01-29 12:53:34 - PHP Warning:  Array to string conversion in /home/np588371/pprintdim.com/shokeru/storage/vendor/twig/twig/src/Template.php on line 359
2026-01-29 12:53:34 - PHP Warning:  Array to string conversion in /home/np588371/pprintdim.com/shokeru/storage/vendor/twig/twig/src/Template.php on line 359
2026-01-29 12:53:35 - PHP Warning:  Array to string conversion in /home/np588371/pprintdim.com/shokeru/storage/vendor/twig/twig/src/Template.php on line 359
2026-01-29 12:53:35 - PHP Warning:  Array to string conversion in /home/np588371/pprintdim.com/shokeru/storage/vendor/twig/twig/src/Template.php on line 359
2026-01-29 14:33:48 - PHP Warning:  Array to string conversion in /home/np588371/pprintdim.com/shokeru/storage/vendor/twig/twig/src/Template.php on line 359
2026-01-29 14:33:48 - PHP Warning:  Array to string conversion in /home/np588371/pprintdim.com/shokeru/storage/vendor/twig/twig/src/Template.php on line 359
2026-01-29 15:17:32 - PHP Warning:  mysqli::query(): (23000/1062): Duplicate entry '1' for key 'oc_html_repeater.PRIMARY' in /home/np588371/pprintdim.com/shokeru/system/library/db/mysqli.php on line 25
2026-01-29 15:20:14 - PHP Warning:  mysqli::query(): (23000/1062): Duplicate entry '1' for key 'oc_html_repeater.PRIMARY' in /home/np588371/pprintdim.com/shokeru/system/library/db/mysqli.php on line 25
2026-01-29 15:25:46 - PHP Warning:  mysqli::query(): (23000/1062): Duplicate entry '1' for key 'oc_html_repeater.PRIMARY' in /home/np588371/pprintdim.com/shokeru/system/library/db/mysqli.php on line 25
2026-01-29 15:27:00 - PHP Warning:  mysqli::query(): (23000/1062): Duplicate entry '1' for key 'oc_html_repeater.PRIMARY' in /home/np588371/pprintdim.com/shokeru/system/library/db/mysqli.php on line 25
2026-01-29 16:06:35 - PHP Warning:  Array to string conversion in /home/np588371/pprintdim.com/shokeru/storage/vendor/twig/twig/src/Template.php on line 359
2026-01-29 16:06:35 - PHP Warning:  Array to string conversion in /home/np588371/pprintdim.com/shokeru/storage/vendor/twig/twig/src/Template.php on line 359
2026-01-29 17:50:27 - PHP Warning:  Array to string conversion in /home/np588371/pprintdim.com/shokeru/storage/vendor/twig/twig/src/Template.php on line 359
2026-01-29 17:50:27 - PHP Warning:  Array to string conversion in /home/np588371/pprintdim.com/shokeru/storage/vendor/twig/twig/src/Template.php on line 359
2026-01-29 21:22:51 - PHP Warning:  Array to string conversion in /home/np588371/pprintdim.com/shokeru/storage/vendor/twig/twig/src/Template.php on line 359
2026-01-29 21:22:51 - PHP Warning:  Array to string conversion in /home/np588371/pprintdim.com/shokeru/storage/vendor/twig/twig/src/Template.php on line 359
2026-01-29 21:40:00 - PHP Warning:  Array to string conversion in /home/np588371/pprintdim.com/shokeru/storage/vendor/twig/twig/src/Template.php on line 359
2026-01-29 21:40:00 - PHP Warning:  Array to string conversion in /home/np588371/pprintdim.com/shokeru/storage/vendor/twig/twig/src/Template.php on line 359
2026-01-30 4:14:20 - PHP Warning:  Array to string conversion in /home/np588371/pprintdim.com/shokeru/storage/vendor/twig/twig/src/Template.php on line 359
2026-01-30 4:14:20 - PHP Warning:  Array to string conversion in /home/np588371/pprintdim.com/shokeru/storage/vendor/twig/twig/src/Template.php on line 359
2026-01-30 4:14:42 - PHP Warning:  Array to string conversion in /home/np588371/pprintdim.com/shokeru/storage/vendor/twig/twig/src/Template.php on line 359
2026-01-30 4:14:42 - PHP Warning:  Array to string conversion in /home/np588371/pprintdim.com/shokeru/storage/vendor/twig/twig/src/Template.php on line 359
2026-01-30 4:14:43 - PHP Warning:  Array to string conversion in /home/np588371/pprintdim.com/shokeru/storage/vendor/twig/twig/src/Template.php on line 359
2026-01-30 4:14:43 - PHP Warning:  Array to string conversion in /home/np588371/pprintdim.com/shokeru/storage/vendor/twig/twig/src/Template.php on line 359
2026-01-30 4:15:04 - PHP Warning:  Array to string conversion in /home/np588371/pprintdim.com/shokeru/storage/vendor/twig/twig/src/Template.php on line 359
2026-01-30 4:15:04 - PHP Warning:  Array to string conversion in /home/np588371/pprintdim.com/shokeru/storage/vendor/twig/twig/src/Template.php on line 359
2026-01-30 5:54:20 - PHP Warning:  Array to string conversion in /home/np588371/pprintdim.com/shokeru/storage/vendor/twig/twig/src/Template.php on line 359
2026-01-30 5:54:20 - PHP Warning:  Array to string conversion in /home/np588371/pprintdim.com/shokeru/storage/vendor/twig/twig/src/Template.php on line 359
2026-01-30 6:32:51 - PHP Warning:  Array to string conversion in /home/np588371/pprintdim.com/shokeru/storage/vendor/twig/twig/src/Template.php on line 359
2026-01-30 6:32:51 - PHP Warning:  Array to string conversion in /home/np588371/pprintdim.com/shokeru/storage/vendor/twig/twig/src/Template.php on line 359
2026-01-30 6:32:51 - PHP Warning:  Array to string conversion in /home/np588371/pprintdim.com/shokeru/storage/vendor/twig/twig/src/Template.php on line 359
2026-01-30 6:32:51 - PHP Warning:  Array to string conversion in /home/np588371/pprintdim.com/shokeru/storage/vendor/twig/twig/src/Template.php on line 359
2026-01-30 11:30:26 - PHP Warning:  Array to string conversion in /home/np588371/pprintdim.com/shokeru/storage/vendor/twig/twig/src/Template.php on line 359
2026-01-30 11:30:26 - PHP Warning:  Array to string conversion in /home/np588371/pprintdim.com/shokeru/storage/vendor/twig/twig/src/Template.php on line 359
2026-01-30 11:30:41 - PHP Warning:  Array to string conversion in /home/np588371/pprintdim.com/shokeru/storage/vendor/twig/twig/src/Template.php on line 359
2026-01-30 11:30:41 - PHP Warning:  Array to string conversion in /home/np588371/pprintdim.com/shokeru/storage/vendor/twig/twig/src/Template.php on line 359
2026-01-30 12:58:55 - PHP Warning:  Array to string conversion in /home/np588371/pprintdim.com/shokeru/storage/vendor/twig/twig/src/Template.php on line 359
2026-01-30 12:58:55 - PHP Warning:  Array to string conversion in /home/np588371/pprintdim.com/shokeru/storage/vendor/twig/twig/src/Template.php on line 359
2026-01-30 13:07:34 - PHP Warning:  Array to string conversion in /home/np588371/pprintdim.com/shokeru/storage/vendor/twig/twig/src/Template.php on line 359
2026-01-30 13:07:34 - PHP Warning:  Array to string conversion in /home/np588371/pprintdim.com/shokeru/storage/vendor/twig/twig/src/Template.php on line 359
2026-01-30 14:03:47 - PHP Warning:  Array to string conversion in /home/np588371/pprintdim.com/shokeru/storage/vendor/twig/twig/src/Template.php on line 359
2026-01-30 14:03:47 - PHP Warning:  Array to string conversion in /home/np588371/pprintdim.com/shokeru/storage/vendor/twig/twig/src/Template.php on line 359
2026-01-30 14:14:21 - PHP Warning:  Array to string conversion in /home/np588371/pprintdim.com/shokeru/storage/vendor/twig/twig/src/Template.php on line 359
2026-01-30 14:14:21 - PHP Warning:  Array to string conversion in /home/np588371/pprintdim.com/shokeru/storage/vendor/twig/twig/src/Template.php on line 359
2026-01-30 18:09:01 - PHP Warning:  Array to string conversion in /home/np588371/pprintdim.com/shokeru/storage/vendor/twig/twig/src/Template.php on line 359
2026-01-30 18:09:01 - PHP Warning:  Array to string conversion in /home/np588371/pprintdim.com/shokeru/storage/vendor/twig/twig/src/Template.php on line 359
2026-01-31 0:02:23 - PHP Warning:  Array to string conversion in /home/np588371/pprintdim.com/shokeru/storage/vendor/twig/twig/src/Template.php on line 359
2026-01-31 0:02:23 - PHP Warning:  Array to string conversion in /home/np588371/pprintdim.com/shokeru/storage/vendor/twig/twig/src/Template.php on line 359
2026-01-31 1:22:21 - PHP Warning:  Array to string conversion in /home/np588371/pprintdim.com/shokeru/storage/vendor/twig/twig/src/Template.php on line 359
2026-01-31 1:22:21 - PHP Warning:  Array to string conversion in /home/np588371/pprintdim.com/shokeru/storage/vendor/twig/twig/src/Template.php on line 359
2026-01-31 1:25:54 - PHP Warning:  Array to string conversion in /home/np588371/pprintdim.com/shokeru/storage/vendor/twig/twig/src/Template.php on line 359
2026-01-31 1:25:54 - PHP Warning:  Array to string conversion in /home/np588371/pprintdim.com/shokeru/storage/vendor/twig/twig/src/Template.php on line 359
2026-01-31 11:21:48 - PHP Warning:  Array to string conversion in /home/np588371/pprintdim.com/shokeru/storage/vendor/twig/twig/src/Template.php on line 359
2026-01-31 11:21:48 - PHP Warning:  Array to string conversion in /home/np588371/pprintdim.com/shokeru/storage/vendor/twig/twig/src/Template.php on line 359
2026-01-31 13:49:28 - PHP Warning:  Array to string conversion in /home/np588371/pprintdim.com/shokeru/storage/vendor/twig/twig/src/Template.php on line 359
2026-01-31 13:49:28 - PHP Warning:  Array to string conversion in /home/np588371/pprintdim.com/shokeru/storage/vendor/twig/twig/src/Template.php on line 359
2026-01-31 18:20:42 - PHP Warning:  Array to string conversion in /home/np588371/pprintdim.com/shokeru/storage/vendor/twig/twig/src/Template.php on line 359
2026-01-31 18:20:42 - PHP Warning:  Array to string conversion in /home/np588371/pprintdim.com/shokeru/storage/vendor/twig/twig/src/Template.php on line 359
2026-01-31 20:04:20 - PHP Warning:  Array to string conversion in /home/np588371/pprintdim.com/shokeru/storage/vendor/twig/twig/src/Template.php on line 359
2026-01-31 20:04:20 - PHP Warning:  Array to string conversion in /home/np588371/pprintdim.com/shokeru/storage/vendor/twig/twig/src/Template.php on line 359
2026-02-01 6:53:07 - PHP Warning:  Array to string conversion in /home/np588371/pprintdim.com/shokeru/storage/vendor/twig/twig/src/Template.php on line 359
2026-02-01 6:53:07 - PHP Warning:  Array to string conversion in /home/np588371/pprintdim.com/shokeru/storage/vendor/twig/twig/src/Template.php on line 359
2026-02-01 6:53:09 - PHP Warning:  Array to string conversion in /home/np588371/pprintdim.com/shokeru/storage/vendor/twig/twig/src/Template.php on line 359
2026-02-01 6:53:09 - PHP Warning:  Array to string conversion in /home/np588371/pprintdim.com/shokeru/storage/vendor/twig/twig/src/Template.php on line 359
2026-02-01 12:24:45 - PHP Warning:  Undefined array key "limit" in /home/np588371/pprintdim.com/shokeru/admin/controller/extension/module/bestseller.php on line 114
2026-02-01 12:24:45 - PHP Warning:  Undefined array key "width" in /home/np588371/pprintdim.com/shokeru/admin/controller/extension/module/bestseller.php on line 122
2026-02-01 12:24:45 - PHP Warning:  Undefined array key "height" in /home/np588371/pprintdim.com/shokeru/admin/controller/extension/module/bestseller.php on line 130
2026-02-01 12:24:45 - PHP Warning:  Undefined array key "status" in /home/np588371/pprintdim.com/shokeru/admin/controller/extension/module/bestseller.php on line 138
2026-02-01 12:25:02 - PHP Warning:  Undefined array key "limit" in /home/np588371/pprintdim.com/shokeru/admin/controller/extension/module/bestseller.php on line 114
2026-02-01 12:25:02 - PHP Warning:  Undefined array key "width" in /home/np588371/pprintdim.com/shokeru/admin/controller/extension/module/bestseller.php on line 122
2026-02-01 12:25:02 - PHP Warning:  Undefined array key "height" in /home/np588371/pprintdim.com/shokeru/admin/controller/extension/module/bestseller.php on line 130
2026-02-01 12:25:02 - PHP Warning:  Undefined array key "status" in /home/np588371/pprintdim.com/shokeru/admin/controller/extension/module/bestseller.php on line 138
2026-02-01 12:25:52 - PHP Warning:  Undefined array key "limit" in /home/np588371/pprintdim.com/shokeru/admin/controller/extension/module/bestseller.php on line 114
2026-02-01 12:25:52 - PHP Warning:  Undefined array key "width" in /home/np588371/pprintdim.com/shokeru/admin/controller/extension/module/bestseller.php on line 122
2026-02-01 12:25:52 - PHP Warning:  Undefined array key "height" in /home/np588371/pprintdim.com/shokeru/admin/controller/extension/module/bestseller.php on line 130
2026-02-01 12:25:52 - PHP Warning:  Undefined array key "status" in /home/np588371/pprintdim.com/shokeru/admin/controller/extension/module/bestseller.php on line 138
2026-02-01 12:55:40 - PHP Notice:  Error: Could not load template shokeru/template/extension/module/slideshow! Unknown "url" function in "shokeru/template/extension/module/slideshow.twig" at line 56. in /home/np588371/pprintdim.com/shokeru/storage/modification/system/library/template/twig.php on line 41
2026-02-01 12:56:16 - PHP Warning:  Undefined array key "href" in /home/np588371/pprintdim.com/shokeru/catalog/controller/extension/module/slideshow.php on line 40
2026-02-01 12:56:16 - PHP Notice:  Error: Could not load template shokeru/template/extension/module/slideshow! Unknown "url" function in "shokeru/template/extension/module/slideshow.twig" at line 56. in /home/np588371/pprintdim.com/shokeru/storage/modification/system/library/template/twig.php on line 41
2026-02-01 12:57:03 - PHP Notice:  Error: Could not load template shokeru/template/extension/module/slideshow! Unknown "url" function in "shokeru/template/extension/module/slideshow.twig" at line 56. in /home/np588371/pprintdim.com/shokeru/storage/modification/system/library/template/twig.php on line 41
2026-02-01 13:06:32 - PHP Warning:  Undefined variable $address in /home/np588371/pprintdim.com/shokeru/catalog/controller/common/footer.php on line 40
2026-02-01 13:06:32 - PHP Warning:  Trying to access array offset on null in /home/np588371/pprintdim.com/shokeru/catalog/controller/common/footer.php on line 40
2026-02-01 13:06:32 - PHP Warning:  Undefined variable $address in /home/np588371/pprintdim.com/shokeru/catalog/controller/common/footer.php on line 40
2026-02-01 13:06:32 - PHP Warning:  Trying to access array offset on null in /home/np588371/pprintdim.com/shokeru/catalog/controller/common/footer.php on line 40
2026-02-01 13:06:33 - PHP Warning:  Undefined variable $address in /home/np588371/pprintdim.com/shokeru/catalog/controller/common/footer.php on line 40
2026-02-01 13:06:33 - PHP Warning:  Trying to access array offset on null in /home/np588371/pprintdim.com/shokeru/catalog/controller/common/footer.php on line 40
2026-02-01 13:06:33 - PHP Warning:  Undefined variable $address in /home/np588371/pprintdim.com/shokeru/catalog/controller/common/footer.php on line 40
2026-02-01 13:06:33 - PHP Warning:  Trying to access array offset on null in /home/np588371/pprintdim.com/shokeru/catalog/controller/common/footer.php on line 40
2026-02-01 13:06:33 - PHP Warning:  Undefined variable $address in /home/np588371/pprintdim.com/shokeru/catalog/controller/common/footer.php on line 40
2026-02-01 13:06:33 - PHP Warning:  Trying to access array offset on null in /home/np588371/pprintdim.com/shokeru/catalog/controller/common/footer.php on line 40
2026-02-01 13:06:33 - PHP Warning:  Undefined variable $address in /home/np588371/pprintdim.com/shokeru/catalog/controller/common/footer.php on line 40
2026-02-01 13:06:33 - PHP Warning:  Trying to access array offset on null in /home/np588371/pprintdim.com/shokeru/catalog/controller/common/footer.php on line 40
2026-02-01 13:06:33 - PHP Warning:  Undefined variable $address in /home/np588371/pprintdim.com/shokeru/catalog/controller/common/footer.php on line 40
2026-02-01 13:06:33 - PHP Warning:  Trying to access array offset on null in /home/np588371/pprintdim.com/shokeru/catalog/controller/common/footer.php on line 40
2026-02-01 13:06:34 - PHP Warning:  Undefined variable $address in /home/np588371/pprintdim.com/shokeru/catalog/controller/common/footer.php on line 40
2026-02-01 13:06:34 - PHP Warning:  Trying to access array offset on null in /home/np588371/pprintdim.com/shokeru/catalog/controller/common/footer.php on line 40
2026-02-01 13:06:34 - PHP Warning:  Undefined variable $address in /home/np588371/pprintdim.com/shokeru/catalog/controller/common/footer.php on line 40
2026-02-01 13:06:34 - PHP Warning:  Trying to access array offset on null in /home/np588371/pprintdim.com/shokeru/catalog/controller/common/footer.php on line 40
2026-02-09 23:01:27 - PHP Warning:  Undefined array key "confirm" in /home/np588371/pprintdim.com/shokeru/catalog/controller/common/user_popup.php on line 93
2026-02-10 8:22:23 - PHP Warning:  Undefined array key "sorts" in /home/np588371/pprintdim.com/shokeru/storage/cache/template/a3/a340a4e3bd5328c28bdee0ec0decd0ec.php on line 240
2026-02-10 8:22:23 - PHP Warning:  Undefined array key "limits" in /home/np588371/pprintdim.com/shokeru/storage/cache/template/a3/a340a4e3bd5328c28bdee0ec0decd0ec.php on line 281
2026-02-10 10:47:52 - PHP Warning:  Undefined array key "sorts" in /home/np588371/pprintdim.com/shokeru/storage/cache/template/a3/a340a4e3bd5328c28bdee0ec0decd0ec.php on line 240
2026-02-10 10:47:52 - PHP Warning:  Undefined array key "limits" in /home/np588371/pprintdim.com/shokeru/storage/cache/template/a3/a340a4e3bd5328c28bdee0ec0decd0ec.php on line 281
2026-02-10 10:47:55 - PHP Warning:  Undefined array key "sorts" in /home/np588371/pprintdim.com/shokeru/storage/cache/template/a3/a340a4e3bd5328c28bdee0ec0decd0ec.php on line 240
2026-02-10 10:47:55 - PHP Warning:  Undefined array key "limits" in /home/np588371/pprintdim.com/shokeru/storage/cache/template/a3/a340a4e3bd5328c28bdee0ec0decd0ec.php on line 281
2026-02-10 10:47:57 - PHP Warning:  Undefined array key "sorts" in /home/np588371/pprintdim.com/shokeru/storage/cache/template/a3/a340a4e3bd5328c28bdee0ec0decd0ec.php on line 240
2026-02-10 10:47:57 - PHP Warning:  Undefined array key "limits" in /home/np588371/pprintdim.com/shokeru/storage/cache/template/a3/a340a4e3bd5328c28bdee0ec0decd0ec.php on line 281
2026-02-10 10:47:58 - PHP Warning:  Undefined array key "sorts" in /home/np588371/pprintdim.com/shokeru/storage/cache/template/a3/a340a4e3bd5328c28bdee0ec0decd0ec.php on line 240
2026-02-10 10:47:58 - PHP Warning:  Undefined array key "limits" in /home/np588371/pprintdim.com/shokeru/storage/cache/template/a3/a340a4e3bd5328c28bdee0ec0decd0ec.php on line 281
2026-02-10 10:48:08 - PHP Warning:  Undefined array key "sorts" in /home/np588371/pprintdim.com/shokeru/storage/cache/template/a3/a340a4e3bd5328c28bdee0ec0decd0ec.php on line 240
2026-02-10 10:48:08 - PHP Warning:  Undefined array key "limits" in /home/np588371/pprintdim.com/shokeru/storage/cache/template/a3/a340a4e3bd5328c28bdee0ec0decd0ec.php on line 281
2026-02-10 10:48:10 - PHP Warning:  Undefined array key "sorts" in /home/np588371/pprintdim.com/shokeru/storage/cache/template/a3/a340a4e3bd5328c28bdee0ec0decd0ec.php on line 240
2026-02-10 10:48:10 - PHP Warning:  Undefined array key "limits" in /home/np588371/pprintdim.com/shokeru/storage/cache/template/a3/a340a4e3bd5328c28bdee0ec0decd0ec.php on line 281
2026-02-10 11:02:30 - PHP Warning:  Undefined array key "sorts" in /home/np588371/pprintdim.com/shokeru/storage/cache/template/a3/a340a4e3bd5328c28bdee0ec0decd0ec.php on line 240
2026-02-10 11:02:30 - PHP Warning:  Undefined array key "limits" in /home/np588371/pprintdim.com/shokeru/storage/cache/template/a3/a340a4e3bd5328c28bdee0ec0decd0ec.php on line 281
2026-02-10 11:02:34 - PHP Warning:  Undefined array key "sorts" in /home/np588371/pprintdim.com/shokeru/storage/cache/template/a3/a340a4e3bd5328c28bdee0ec0decd0ec.php on line 240
2026-02-10 11:02:34 - PHP Warning:  Undefined array key "limits" in /home/np588371/pprintdim.com/shokeru/storage/cache/template/a3/a340a4e3bd5328c28bdee0ec0decd0ec.php on line 281
2026-02-10 11:06:21 - PHP Warning:  Undefined array key "sorts" in /home/np588371/pprintdim.com/shokeru/storage/cache/template/a3/a340a4e3bd5328c28bdee0ec0decd0ec.php on line 240
2026-02-10 11:06:21 - PHP Warning:  Undefined array key "limits" in /home/np588371/pprintdim.com/shokeru/storage/cache/template/a3/a340a4e3bd5328c28bdee0ec0decd0ec.php on line 281
2026-02-10 11:06:23 - PHP Warning:  Undefined array key "sorts" in /home/np588371/pprintdim.com/shokeru/storage/cache/template/a3/a340a4e3bd5328c28bdee0ec0decd0ec.php on line 240
2026-02-10 11:06:23 - PHP Warning:  Undefined array key "limits" in /home/np588371/pprintdim.com/shokeru/storage/cache/template/a3/a340a4e3bd5328c28bdee0ec0decd0ec.php on line 281
2026-02-10 11:06:25 - PHP Warning:  Undefined array key "sorts" in /home/np588371/pprintdim.com/shokeru/storage/cache/template/a3/a340a4e3bd5328c28bdee0ec0decd0ec.php on line 240
2026-02-10 11:06:25 - PHP Warning:  Undefined array key "limits" in /home/np588371/pprintdim.com/shokeru/storage/cache/template/a3/a340a4e3bd5328c28bdee0ec0decd0ec.php on line 281
2026-02-10 11:06:29 - PHP Warning:  Undefined array key "sorts" in /home/np588371/pprintdim.com/shokeru/storage/cache/template/a3/a340a4e3bd5328c28bdee0ec0decd0ec.php on line 240
2026-02-10 11:06:29 - PHP Warning:  Undefined array key "limits" in /home/np588371/pprintdim.com/shokeru/storage/cache/template/a3/a340a4e3bd5328c28bdee0ec0decd0ec.php on line 281
2026-02-10 11:06:47 - PHP Warning:  Undefined array key "sorts" in /home/np588371/pprintdim.com/shokeru/storage/cache/template/a3/a340a4e3bd5328c28bdee0ec0decd0ec.php on line 240
2026-02-10 11:06:47 - PHP Warning:  Undefined array key "limits" in /home/np588371/pprintdim.com/shokeru/storage/cache/template/a3/a340a4e3bd5328c28bdee0ec0decd0ec.php on line 281
2026-02-10 11:07:37 - PHP Warning:  Undefined array key "sorts" in /home/np588371/pprintdim.com/shokeru/storage/cache/template/a3/a340a4e3bd5328c28bdee0ec0decd0ec.php on line 240
2026-02-10 11:07:37 - PHP Warning:  Undefined array key "limits" in /home/np588371/pprintdim.com/shokeru/storage/cache/template/a3/a340a4e3bd5328c28bdee0ec0decd0ec.php on line 281
2026-02-10 11:07:39 - PHP Warning:  Undefined array key "sorts" in /home/np588371/pprintdim.com/shokeru/storage/cache/template/a3/a340a4e3bd5328c28bdee0ec0decd0ec.php on line 240
2026-02-10 11:07:39 - PHP Warning:  Undefined array key "limits" in /home/np588371/pprintdim.com/shokeru/storage/cache/template/a3/a340a4e3bd5328c28bdee0ec0decd0ec.php on line 281
2026-02-10 11:08:04 - PHP Notice:  Error: Could not load template shokeru/template/product/shop! Unexpected "endif" tag (expecting closing tag for the "for" tag defined near line 274) in "shokeru/template/product/shop.twig" at line 313. in /home/np588371/pprintdim.com/shokeru/storage/modification/system/library/template/twig.php on line 41
2026-02-10 11:08:05 - PHP Notice:  Error: Could not load template shokeru/template/product/shop! Unexpected "endif" tag (expecting closing tag for the "for" tag defined near line 274) in "shokeru/template/product/shop.twig" at line 313. in /home/np588371/pprintdim.com/shokeru/storage/modification/system/library/template/twig.php on line 41
2026-02-10 11:08:05 - PHP Notice:  Error: Could not load template shokeru/template/product/shop! Unexpected "endif" tag (expecting closing tag for the "for" tag defined near line 274) in "shokeru/template/product/shop.twig" at line 313. in /home/np588371/pprintdim.com/shokeru/storage/modification/system/library/template/twig.php on line 41
2026-02-10 11:08:40 - PHP Notice:  Error: Could not load template shokeru/template/product/shop! Unexpected "endif" tag (expecting closing tag for the "for" tag defined near line 274) in "shokeru/template/product/shop.twig" at line 313. in /home/np588371/pprintdim.com/shokeru/storage/modification/system/library/template/twig.php on line 41
2026-02-10 12:12:55 - PHP Notice:  Error: Could not load template shokeru/template/product/shop! Template "product/product_card.twig" is not defined in "shokeru/template/product/shop.twig" at line 277. in /home/np588371/pprintdim.com/shokeru/storage/modification/system/library/template/twig.php on line 41
2026-02-10 12:12:56 - PHP Notice:  Error: Could not load template shokeru/template/product/shop! Template "product/product_card.twig" is not defined in "shokeru/template/product/shop.twig" at line 277. in /home/np588371/pprintdim.com/shokeru/storage/modification/system/library/template/twig.php on line 41
2026-02-10 12:12:57 - PHP Notice:  Error: Could not load template shokeru/template/product/shop! Template "product/product_card.twig" is not defined in "shokeru/template/product/shop.twig" at line 277. in /home/np588371/pprintdim.com/shokeru/storage/modification/system/library/template/twig.php on line 41
2026-02-10 12:12:57 - PHP Notice:  Error: Could not load template shokeru/template/product/shop! Template "product/product_card.twig" is not defined in "shokeru/template/product/shop.twig" at line 277. in /home/np588371/pprintdim.com/shokeru/storage/modification/system/library/template/twig.php on line 41
2026-02-10 12:12:57 - PHP Notice:  Error: Could not load template shokeru/template/product/shop! Template "product/product_card.twig" is not defined in "shokeru/template/product/shop.twig" at line 277. in /home/np588371/pprintdim.com/shokeru/storage/modification/system/library/template/twig.php on line 41
2026-02-10 12:14:54 - PHP Notice:  Error: Could not load template shokeru/template/product/shop! Template "shokeru/product/product_card.twig" is not defined in "shokeru/template/product/shop.twig" at line 277. in /home/np588371/pprintdim.com/shokeru/storage/modification/system/library/template/twig.php on line 41
2026-02-10 12:16:18 - PHP Notice:  Error: Could not load template shokeru/template/product/shop! Template "product/product_card.twig" is not defined in "shokeru/template/product/shop.twig" at line 277. in /home/np588371/pprintdim.com/shokeru/storage/modification/system/library/template/twig.php on line 41
2026-02-10 12:17:26 - PHP Notice:  Error: Could not load template shokeru/template/product/shop! Template "product/product_card.twig" is not defined in "shokeru/template/product/shop.twig" at line 277. in /home/np588371/pprintdim.com/shokeru/storage/modification/system/library/template/twig.php on line 41
2026-02-10 12:17:27 - PHP Notice:  Error: Could not load template shokeru/template/product/shop! Template "product/product_card.twig" is not defined in "shokeru/template/product/shop.twig" at line 277. in /home/np588371/pprintdim.com/shokeru/storage/modification/system/library/template/twig.php on line 41
2026-02-10 12:17:27 - PHP Notice:  Error: Could not load template shokeru/template/product/shop! Template "product/product_card.twig" is not defined in "shokeru/template/product/shop.twig" at line 277. in /home/np588371/pprintdim.com/shokeru/storage/modification/system/library/template/twig.php on line 41
2026-02-10 12:17:43 - PHP Notice:  Error: Could not load template shokeru/template/product/shop! Template "product/product_card.twig" is not defined in "shokeru/template/product/shop.twig" at line 277. in /home/np588371/pprintdim.com/shokeru/storage/modification/system/library/template/twig.php on line 41
2026-02-10 12:17:43 - PHP Notice:  Error: Could not load template shokeru/template/product/shop! Template "product/product_card.twig" is not defined in "shokeru/template/product/shop.twig" at line 277. in /home/np588371/pprintdim.com/shokeru/storage/modification/system/library/template/twig.php on line 41
2026-02-10 12:17:44 - PHP Notice:  Error: Could not load template shokeru/template/product/shop! Template "product/product_card.twig" is not defined in "shokeru/template/product/shop.twig" at line 277. in /home/np588371/pprintdim.com/shokeru/storage/modification/system/library/template/twig.php on line 41
2026-02-10 12:17:44 - PHP Notice:  Error: Could not load template shokeru/template/product/shop! Template "product/product_card.twig" is not defined in "shokeru/template/product/shop.twig" at line 277. in /home/np588371/pprintdim.com/shokeru/storage/modification/system/library/template/twig.php on line 41
2026-02-10 12:19:16 - PHP Notice:  Error: Could not load template shokeru/template/product/shop! Unclosed comment in "shokeru/template/product/shop.twig" at line 25. in /home/np588371/pprintdim.com/shokeru/storage/modification/system/library/template/twig.php on line 41
2026-02-10 12:19:17 - PHP Notice:  Error: Could not load template shokeru/template/product/shop! Unclosed comment in "shokeru/template/product/shop.twig" at line 25. in /home/np588371/pprintdim.com/shokeru/storage/modification/system/library/template/twig.php on line 41
2026-02-10 12:19:23 - PHP Notice:  Error: Could not load template shokeru/template/product/shop! Template "catalog/view/theme/shokeru/product/product_card.twig" is not defined in "shokeru/template/product/shop.twig" at line 277. in /home/np588371/pprintdim.com/shokeru/storage/modification/system/library/template/twig.php on line 41
2026-02-10 12:19:23 - PHP Notice:  Error: Could not load template shokeru/template/product/shop! Template "catalog/view/theme/shokeru/product/product_card.twig" is not defined in "shokeru/template/product/shop.twig" at line 277. in /home/np588371/pprintdim.com/shokeru/storage/modification/system/library/template/twig.php on line 41
2026-02-10 12:19:24 - PHP Notice:  Error: Could not load template shokeru/template/product/shop! Template "catalog/view/theme/shokeru/product/product_card.twig" is not defined in "shokeru/template/product/shop.twig" at line 277. in /home/np588371/pprintdim.com/shokeru/storage/modification/system/library/template/twig.php on line 41
2026-02-10 12:19:24 - PHP Notice:  Error: Could not load template shokeru/template/product/shop! Template "catalog/view/theme/shokeru/product/product_card.twig" is not defined in "shokeru/template/product/shop.twig" at line 277. in /home/np588371/pprintdim.com/shokeru/storage/modification/system/library/template/twig.php on line 41
2026-02-10 12:20:03 - PHP Notice:  Error: Could not load template shokeru/template/product/shop! Template "/product/product_card.twig" is not defined in "shokeru/template/product/shop.twig" at line 277. in /home/np588371/pprintdim.com/shokeru/storage/modification/system/library/template/twig.php on line 41
2026-02-10 12:20:04 - PHP Notice:  Error: Could not load template shokeru/template/product/shop! Template "/product/product_card.twig" is not defined in "shokeru/template/product/shop.twig" at line 277. in /home/np588371/pprintdim.com/shokeru/storage/modification/system/library/template/twig.php on line 41
2026-02-10 12:20:09 - PHP Notice:  Error: Could not load template shokeru/template/product/shop! Template "/product/product_card.twig" is not defined in "shokeru/template/product/shop.twig" at line 277. in /home/np588371/pprintdim.com/shokeru/storage/modification/system/library/template/twig.php on line 41
2026-02-10 12:20:10 - PHP Notice:  Error: Could not load template shokeru/template/product/shop! Template "/product/product_card.twig" is not defined in "shokeru/template/product/shop.twig" at line 277. in /home/np588371/pprintdim.com/shokeru/storage/modification/system/library/template/twig.php on line 41
2026-02-10 12:20:10 - PHP Notice:  Error: Could not load template shokeru/template/product/shop! Template "/product/product_card.twig" is not defined in "shokeru/template/product/shop.twig" at line 277. in /home/np588371/pprintdim.com/shokeru/storage/modification/system/library/template/twig.php on line 41
2026-02-10 12:20:10 - PHP Notice:  Error: Could not load template shokeru/template/product/shop! Template "/product/product_card.twig" is not defined in "shokeru/template/product/shop.twig" at line 277. in /home/np588371/pprintdim.com/shokeru/storage/modification/system/library/template/twig.php on line 41
2026-02-10 12:20:11 - PHP Notice:  Error: Could not load template shokeru/template/product/shop! Template "/product/product_card.twig" is not defined in "shokeru/template/product/shop.twig" at line 277. in /home/np588371/pprintdim.com/shokeru/storage/modification/system/library/template/twig.php on line 41
2026-02-10 12:20:49 - PHP Notice:  Error: Could not load template shokeru/template/product/shop! Template "/product/product_card.twig" is not defined in "shokeru/template/product/shop.twig" at line 277. in /home/np588371/pprintdim.com/shokeru/storage/modification/system/library/template/twig.php on line 41
2026-02-10 12:21:36 - PHP Notice:  Error: Could not load template shokeru/template/product/shop! Template "/product/product_card.twig" is not defined in "shokeru/template/product/shop.twig" at line 277. in /home/np588371/pprintdim.com/shokeru/storage/modification/system/library/template/twig.php on line 41
2026-02-10 12:21:43 - PHP Notice:  Error: Could not load template shokeru/template/product/shop! Template "product/product_card.twig" is not defined in "shokeru/template/product/shop.twig" at line 277. in /home/np588371/pprintdim.com/shokeru/storage/modification/system/library/template/twig.php on line 41
2026-02-10 12:21:44 - PHP Notice:  Error: Could not load template shokeru/template/product/shop! Template "product/product_card.twig" is not defined in "shokeru/template/product/shop.twig" at line 277. in /home/np588371/pprintdim.com/shokeru/storage/modification/system/library/template/twig.php on line 41
2026-02-10 12:21:44 - PHP Notice:  Error: Could not load template shokeru/template/product/shop! Template "product/product_card.twig" is not defined in "shokeru/template/product/shop.twig" at line 277. in /home/np588371/pprintdim.com/shokeru/storage/modification/system/library/template/twig.php on line 41
2026-02-10 12:22:06 - PHP Notice:  Error: Could not load template shokeru/template/product/shop! Template "product_card.twig" is not defined in "shokeru/template/product/shop.twig" at line 277. in /home/np588371/pprintdim.com/shokeru/storage/modification/system/library/template/twig.php on line 41
2026-02-10 12:22:07 - PHP Notice:  Error: Could not load template shokeru/template/product/shop! Template "product_card.twig" is not defined in "shokeru/template/product/shop.twig" at line 277. in /home/np588371/pprintdim.com/shokeru/storage/modification/system/library/template/twig.php on line 41
2026-02-10 12:22:07 - PHP Notice:  Error: Could not load template shokeru/template/product/shop! Template "product_card.twig" is not defined in "shokeru/template/product/shop.twig" at line 277. in /home/np588371/pprintdim.com/shokeru/storage/modification/system/library/template/twig.php on line 41
2026-02-10 12:22:07 - PHP Notice:  Error: Could not load template shokeru/template/product/shop! Template "product_card.twig" is not defined in "shokeru/template/product/shop.twig" at line 277. in /home/np588371/pprintdim.com/shokeru/storage/modification/system/library/template/twig.php on line 41
2026-02-10 12:22:15 - PHP Notice:  Error: Could not load template shokeru/template/product/shop! Template "product_card.twig" is not defined in "shokeru/template/product/shop.twig" at line 277. in /home/np588371/pprintdim.com/shokeru/storage/modification/system/library/template/twig.php on line 41
2026-02-10 12:22:16 - PHP Notice:  Error: Could not load template shokeru/template/product/shop! Template "product_card.twig" is not defined in "shokeru/template/product/shop.twig" at line 277. in /home/np588371/pprintdim.com/shokeru/storage/modification/system/library/template/twig.php on line 41
2026-02-10 12:22:16 - PHP Notice:  Error: Could not load template shokeru/template/product/shop! Template "product_card.twig" is not defined in "shokeru/template/product/shop.twig" at line 277. in /home/np588371/pprintdim.com/shokeru/storage/modification/system/library/template/twig.php on line 41
2026-02-10 12:22:16 - PHP Notice:  Error: Could not load template shokeru/template/product/shop! Template "product_card.twig" is not defined in "shokeru/template/product/shop.twig" at line 277. in /home/np588371/pprintdim.com/shokeru/storage/modification/system/library/template/twig.php on line 41
2026-02-10 12:22:16 - PHP Notice:  Error: Could not load template shokeru/template/product/shop! Template "product_card.twig" is not defined in "shokeru/template/product/shop.twig" at line 277. in /home/np588371/pprintdim.com/shokeru/storage/modification/system/library/template/twig.php on line 41
2026-02-10 12:24:30 - PHP Notice:  Error: Could not load template shokeru/template/product/shop! Template "shokeru/template/product/product_card.twig" is not defined in "shokeru/template/product/shop.twig" at line 277. in /home/np588371/pprintdim.com/shokeru/storage/modification/system/library/template/twig.php on line 41
2026-02-10 12:24:31 - PHP Notice:  Error: Could not load template shokeru/template/product/shop! Template "shokeru/template/product/product_card.twig" is not defined in "shokeru/template/product/shop.twig" at line 277. in /home/np588371/pprintdim.com/shokeru/storage/modification/system/library/template/twig.php on line 41
2026-02-10 12:24:31 - PHP Notice:  Error: Could not load template shokeru/template/product/shop! Template "shokeru/template/product/product_card.twig" is not defined in "shokeru/template/product/shop.twig" at line 277. in /home/np588371/pprintdim.com/shokeru/storage/modification/system/library/template/twig.php on line 41
2026-02-10 12:25:51 - PHP Notice:  Error: Could not load template shokeru/template/product/shop! Template "shokeru/template/product/product_card.twig" is not defined in "shokeru/template/product/shop.twig" at line 277. in /home/np588371/pprintdim.com/shokeru/storage/modification/system/library/template/twig.php on line 41
2026-02-10 12:25:51 - PHP Notice:  Error: Could not load template shokeru/template/product/shop! Template "shokeru/template/product/product_card.twig" is not defined in "shokeru/template/product/shop.twig" at line 277. in /home/np588371/pprintdim.com/shokeru/storage/modification/system/library/template/twig.php on line 41
2026-02-10 12:25:52 - PHP Notice:  Error: Could not load template shokeru/template/product/shop! Template "shokeru/template/product/product_card.twig" is not defined in "shokeru/template/product/shop.twig" at line 277. in /home/np588371/pprintdim.com/shokeru/storage/modification/system/library/template/twig.php on line 41
2026-02-10 12:25:52 - PHP Notice:  Error: Could not load template shokeru/template/product/shop! Template "shokeru/template/product/product_card.twig" is not defined in "shokeru/template/product/shop.twig" at line 277. in /home/np588371/pprintdim.com/shokeru/storage/modification/system/library/template/twig.php on line 41
2026-02-10 12:25:52 - PHP Notice:  Error: Could not load template shokeru/template/product/shop! Template "shokeru/template/product/product_card.twig" is not defined in "shokeru/template/product/shop.twig" at line 277. in /home/np588371/pprintdim.com/shokeru/storage/modification/system/library/template/twig.php on line 41
2026-02-10 15:38:25 - PHP Notice:  Error: Could not load template extension/module/special_banner! Unexpected "]" in "extension/module/special_banner.twig" at line 89. in /home/np588371/pprintdim.com/shokeru/storage/modification/system/library/template/twig.php on line 41
2026-02-10 16:04:49 - PHP Warning:  Undefined array key "description" in /home/np588371/pprintdim.com/shokeru/catalog/controller/extension/module/special_banner.php on line 11
2026-02-10 16:04:49 - PHP Warning:  Trying to access array offset on null in /home/np588371/pprintdim.com/shokeru/catalog/controller/extension/module/special_banner.php on line 11
2026-02-10 16:04:49 - PHP Unknown:  html_entity_decode(): Passing null to parameter #1 ($string) of type string is deprecated in /home/np588371/pprintdim.com/shokeru/catalog/controller/extension/module/special_banner.php on line 11
2026-02-10 16:20:56 - PHP Warning:  Undefined variable $url in /home/np588371/pprintdim.com/shokeru/catalog/controller/product/shop.php on line 29
2026-02-10 16:20:56 - PHP Warning:  Undefined variable $url in /home/np588371/pprintdim.com/shokeru/catalog/controller/product/shop.php on line 34
2026-02-10 16:20:56 - PHP Warning:  Undefined variable $url in /home/np588371/pprintdim.com/shokeru/catalog/controller/product/shop.php on line 39
2026-02-10 16:20:56 - PHP Warning:  Undefined variable $url in /home/np588371/pprintdim.com/shokeru/catalog/controller/product/shop.php on line 44
2026-02-10 16:22:23 - PHP Warning:  Undefined variable $url in /home/np588371/pprintdim.com/shokeru/catalog/controller/product/shop.php on line 29
2026-02-10 16:22:23 - PHP Warning:  Undefined variable $url in /home/np588371/pprintdim.com/shokeru/catalog/controller/product/shop.php on line 34
2026-02-10 16:22:23 - PHP Warning:  Undefined variable $url in /home/np588371/pprintdim.com/shokeru/catalog/controller/product/shop.php on line 39
2026-02-10 16:22:23 - PHP Warning:  Undefined variable $url in /home/np588371/pprintdim.com/shokeru/catalog/controller/product/shop.php on line 44
2026-02-10 16:22:43 - PHP Warning:  Undefined variable $url in /home/np588371/pprintdim.com/shokeru/catalog/controller/product/shop.php on line 29
2026-02-10 16:22:43 - PHP Warning:  Undefined variable $url in /home/np588371/pprintdim.com/shokeru/catalog/controller/product/shop.php on line 34
2026-02-10 16:22:43 - PHP Warning:  Undefined variable $url in /home/np588371/pprintdim.com/shokeru/catalog/controller/product/shop.php on line 39
2026-02-10 16:22:43 - PHP Warning:  Undefined variable $url in /home/np588371/pprintdim.com/shokeru/catalog/controller/product/shop.php on line 44
2026-02-10 16:30:07 - PHP Warning:  Undefined array key "path" in /home/np588371/pprintdim.com/shokeru/catalog/controller/product/shop.php on line 42
2026-02-10 16:30:07 - PHP Warning:  Undefined array key "path" in /home/np588371/pprintdim.com/shokeru/catalog/controller/product/shop.php on line 48
2026-02-10 16:30:07 - PHP Warning:  Undefined array key "path" in /home/np588371/pprintdim.com/shokeru/catalog/controller/product/shop.php on line 54
2026-02-10 16:30:07 - PHP Warning:  Undefined array key "path" in /home/np588371/pprintdim.com/shokeru/catalog/controller/product/shop.php on line 60
2026-02-10 16:30:07 - PHP Warning:  Undefined array key "path" in /home/np588371/pprintdim.com/shokeru/catalog/controller/product/shop.php on line 66
2026-02-10 16:32:03 - PHP Warning:  Undefined variable $results in /home/np588371/pprintdim.com/shokeru/catalog/controller/product/category.php on line 112
2026-02-10 16:32:03 - PHP Warning:  foreach() argument must be of type array|object, null given in /home/np588371/pprintdim.com/shokeru/catalog/controller/product/category.php on line 112
2026-02-10 16:32:32 - PHP Warning:  Undefined variable $results in /home/np588371/pprintdim.com/shokeru/catalog/controller/product/category.php on line 112
2026-02-10 16:32:32 - PHP Warning:  foreach() argument must be of type array|object, null given in /home/np588371/pprintdim.com/shokeru/catalog/controller/product/category.php on line 112
2026-02-10 16:34:05 - PHP Warning:  Undefined variable $results in /home/np588371/pprintdim.com/shokeru/catalog/controller/product/category.php on line 112
2026-02-10 16:34:05 - PHP Warning:  foreach() argument must be of type array|object, null given in /home/np588371/pprintdim.com/shokeru/catalog/controller/product/category.php on line 112
2026-02-10 16:34:07 - PHP Warning:  Undefined variable $results in /home/np588371/pprintdim.com/shokeru/catalog/controller/product/category.php on line 112
2026-02-10 16:34:07 - PHP Warning:  foreach() argument must be of type array|object, null given in /home/np588371/pprintdim.com/shokeru/catalog/controller/product/category.php on line 112
2026-02-10 16:34:21 - PHP Warning:  Undefined variable $results in /home/np588371/pprintdim.com/shokeru/catalog/controller/product/category.php on line 112
2026-02-10 16:34:21 - PHP Warning:  foreach() argument must be of type array|object, null given in /home/np588371/pprintdim.com/shokeru/catalog/controller/product/category.php on line 112
2026-02-10 17:52:29 - PHP Warning:  Undefined variable $selected_filters in /home/np588371/pprintdim.com/shokeru/catalog/controller/product/shop.php on line 182
2026-02-10 17:52:29 - PHP Warning:  foreach() argument must be of type array|object, null given in /home/np588371/pprintdim.com/shokeru/catalog/controller/product/shop.php on line 182
2026-02-10 17:52:29 - PHP Notice:  Error: Could not load template shokeru/template/product/shop! Unexpected token "string" of value "Фильтр" ("end of print statement" expected) in "shokeru/template/product/shop.twig" at line 13. in /home/np588371/pprintdim.com/shokeru/storage/modification/system/library/template/twig.php on line 41
2026-02-10 17:52:30 - PHP Warning:  Undefined variable $selected_filters in /home/np588371/pprintdim.com/shokeru/catalog/controller/product/shop.php on line 182
2026-02-10 17:52:30 - PHP Warning:  foreach() argument must be of type array|object, null given in /home/np588371/pprintdim.com/shokeru/catalog/controller/product/shop.php on line 182
2026-02-10 17:52:30 - PHP Notice:  Error: Could not load template shokeru/template/product/shop! Unexpected token "string" of value "Фильтр" ("end of print statement" expected) in "shokeru/template/product/shop.twig" at line 13. in /home/np588371/pprintdim.com/shokeru/storage/modification/system/library/template/twig.php on line 41
2026-02-10 17:52:30 - PHP Warning:  Undefined variable $selected_filters in /home/np588371/pprintdim.com/shokeru/catalog/controller/product/shop.php on line 182
2026-02-10 17:52:30 - PHP Warning:  foreach() argument must be of type array|object, null given in /home/np588371/pprintdim.com/shokeru/catalog/controller/product/shop.php on line 182
2026-02-10 17:52:30 - PHP Notice:  Error: Could not load template shokeru/template/product/shop! Unexpected token "string" of value "Фильтр" ("end of print statement" expected) in "shokeru/template/product/shop.twig" at line 13. in /home/np588371/pprintdim.com/shokeru/storage/modification/system/library/template/twig.php on line 41
2026-02-10 17:53:49 - PHP Warning:  Undefined variable $selected_filters in /home/np588371/pprintdim.com/shokeru/catalog/controller/product/shop.php on line 182
2026-02-10 17:53:49 - PHP Warning:  foreach() argument must be of type array|object, null given in /home/np588371/pprintdim.com/shokeru/catalog/controller/product/shop.php on line 182
2026-02-10 17:53:49 - PHP Notice:  Error: Could not load template shokeru/template/product/shop! Unexpected token "string" of value "Фильтр" ("end of print statement" expected) in "shokeru/template/product/shop.twig" at line 13. in /home/np588371/pprintdim.com/shokeru/storage/modification/system/library/template/twig.php on line 41
2026-02-10 17:53:49 - PHP Warning:  Undefined variable $selected_filters in /home/np588371/pprintdim.com/shokeru/catalog/controller/product/shop.php on line 182
2026-02-10 17:53:49 - PHP Warning:  foreach() argument must be of type array|object, null given in /home/np588371/pprintdim.com/shokeru/catalog/controller/product/shop.php on line 182
2026-02-10 17:53:49 - PHP Notice:  Error: Could not load template shokeru/template/product/shop! Unexpected token "string" of value "Фильтр" ("end of print statement" expected) in "shokeru/template/product/shop.twig" at line 13. in /home/np588371/pprintdim.com/shokeru/storage/modification/system/library/template/twig.php on line 41
2026-02-10 17:53:50 - PHP Warning:  Undefined variable $selected_filters in /home/np588371/pprintdim.com/shokeru/catalog/controller/product/shop.php on line 182
2026-02-10 17:53:50 - PHP Warning:  foreach() argument must be of type array|object, null given in /home/np588371/pprintdim.com/shokeru/catalog/controller/product/shop.php on line 182
2026-02-10 17:53:50 - PHP Notice:  Error: Could not load template shokeru/template/product/shop! Unexpected token "string" of value "Фильтр" ("end of print statement" expected) in "shokeru/template/product/shop.twig" at line 13. in /home/np588371/pprintdim.com/shokeru/storage/modification/system/library/template/twig.php on line 41
2026-02-10 17:54:38 - PHP Notice:  Error: Could not load template shokeru/template/product/shop! Unexpected token "string" of value "Фильтр" ("end of print statement" expected) in "shokeru/template/product/shop.twig" at line 13. in /home/np588371/pprintdim.com/shokeru/storage/modification/system/library/template/twig.php on line 41
2026-02-10 17:54:39 - PHP Notice:  Error: Could not load template shokeru/template/product/shop! Unexpected token "string" of value "Фильтр" ("end of print statement" expected) in "shokeru/template/product/shop.twig" at line 13. in /home/np588371/pprintdim.com/shokeru/storage/modification/system/library/template/twig.php on line 41
2026-02-10 17:54:39 - PHP Notice:  Error: Could not load template shokeru/template/product/shop! Unexpected token "string" of value "Фильтр" ("end of print statement" expected) in "shokeru/template/product/shop.twig" at line 13. in /home/np588371/pprintdim.com/shokeru/storage/modification/system/library/template/twig.php on line 41
2026-02-11 16:31:40 - PHP Warning:  Undefined variable $results in /home/np588371/pprintdim.com/shokeru/catalog/controller/product/category.php on line 116
2026-02-11 16:31:40 - PHP Warning:  foreach() argument must be of type array|object, null given in /home/np588371/pprintdim.com/shokeru/catalog/controller/product/category.php on line 116
2026-02-11 19:53:59 - PHP Warning:  Array to string conversion in /home/np588371/pprintdim.com/shokeru/storage/vendor/twig/twig/src/Template.php on line 359
2026-02-11 19:53:59 - PHP Warning:  Array to string conversion in /home/np588371/pprintdim.com/shokeru/storage/vendor/twig/twig/src/Template.php on line 359
2026-02-11 19:53:59 - PHP Warning:  Array to string conversion in /home/np588371/pprintdim.com/shokeru/storage/vendor/twig/twig/src/Template.php on line 359
2026-02-11 19:53:59 - PHP Warning:  Array to string conversion in /home/np588371/pprintdim.com/shokeru/storage/vendor/twig/twig/src/Template.php on line 359
2026-02-11 19:53:59 - PHP Warning:  Array to string conversion in /home/np588371/pprintdim.com/shokeru/storage/vendor/twig/twig/src/Template.php on line 359
2026-02-11 19:53:59 - PHP Warning:  Array to string conversion in /home/np588371/pprintdim.com/shokeru/storage/vendor/twig/twig/src/Template.php on line 359
2026-02-11 19:54:00 - PHP Warning:  Array to string conversion in /home/np588371/pprintdim.com/shokeru/storage/vendor/twig/twig/src/Template.php on line 359
2026-02-11 19:54:00 - PHP Warning:  Array to string conversion in /home/np588371/pprintdim.com/shokeru/storage/vendor/twig/twig/src/Template.php on line 359
2026-02-11 19:54:00 - PHP Warning:  Array to string conversion in /home/np588371/pprintdim.com/shokeru/storage/vendor/twig/twig/src/Template.php on line 359
2026-02-11 19:54:00 - PHP Warning:  Array to string conversion in /home/np588371/pprintdim.com/shokeru/storage/vendor/twig/twig/src/Template.php on line 359
2026-02-11 19:54:00 - PHP Warning:  Array to string conversion in /home/np588371/pprintdim.com/shokeru/storage/vendor/twig/twig/src/Template.php on line 359
2026-02-11 19:54:00 - PHP Warning:  Array to string conversion in /home/np588371/pprintdim.com/shokeru/storage/vendor/twig/twig/src/Template.php on line 359
2026-02-11 19:54:02 - PHP Warning:  Array to string conversion in /home/np588371/pprintdim.com/shokeru/storage/vendor/twig/twig/src/Template.php on line 359
2026-02-11 19:54:02 - PHP Warning:  Array to string conversion in /home/np588371/pprintdim.com/shokeru/storage/vendor/twig/twig/src/Template.php on line 359
2026-02-11 19:54:02 - PHP Warning:  Array to string conversion in /home/np588371/pprintdim.com/shokeru/storage/vendor/twig/twig/src/Template.php on line 359
2026-02-11 19:54:02 - PHP Warning:  Array to string conversion in /home/np588371/pprintdim.com/shokeru/storage/vendor/twig/twig/src/Template.php on line 359
2026-02-11 19:54:02 - PHP Warning:  Array to string conversion in /home/np588371/pprintdim.com/shokeru/storage/vendor/twig/twig/src/Template.php on line 359
2026-02-11 19:54:02 - PHP Warning:  Array to string conversion in /home/np588371/pprintdim.com/shokeru/storage/vendor/twig/twig/src/Template.php on line 359
2026-02-11 20:03:34 - PHP Warning:  Array to string conversion in /home/np588371/pprintdim.com/shokeru/catalog/controller/product/shop.php on line 218
2026-02-11 20:03:35 - PHP Warning:  Array to string conversion in /home/np588371/pprintdim.com/shokeru/catalog/controller/product/shop.php on line 218
2026-02-11 20:03:35 - PHP Warning:  Array to string conversion in /home/np588371/pprintdim.com/shokeru/catalog/controller/product/shop.php on line 218
2026-03-05 13:04:37 - PHP Warning:  Array to string conversion in /home/np588371/pprintdim.com/shokeru/storage/vendor/twig/twig/src/Template.php on line 359
2026-03-05 13:04:38 - PHP Warning:  Array to string conversion in /home/np588371/pprintdim.com/shokeru/storage/vendor/twig/twig/src/Template.php on line 359
2026-03-05 13:04:39 - PHP Warning:  Array to string conversion in /home/np588371/pprintdim.com/shokeru/storage/vendor/twig/twig/src/Template.php on line 359
2026-03-05 16:28:24 - PHP Warning:  Undefined array key "code" in /home/np588371/pprintdim.com/shokeru/admin/model/design/layout.php on line 38
